 Node -> 0  Host Node -> 10.176.69.32:3332
  Neighbor Nodes -> [1, 4]  Node Lists -> {0=10.176.69.32:3332
, 1=10.176.69.34:5678
, 2=10.176.69.35:5231
, 3=10.176.69.36:3342
, 4=10.176.69.37:5688
}
Socket connection in progress for 1
Retrying socket connection 
Retrying socket connection 
Retrying socket connection 
Retrying socket connection 
Retrying socket connection 
Retrying socket connection 
Retrying socket connection 
Retrying socket connection 
Retrying socket connection 
Retrying socket connection 
Retrying socket connection 
Retrying socket connection 
Retrying socket connection 
Retrying socket connection 
Retrying socket connection 
Retrying socket connection 
Retrying socket connection 
Retrying socket connection 
Retrying socket connection 
Retrying socket connection 
Retrying socket connection 
Retrying socket connection 
Retrying socket connection 
Retrying socket connection 
Retrying socket connection 
Retrying socket connection 
Retrying socket connection 
Retrying socket connection 
Retrying socket connection 
Retrying socket connection 
Retrying socket connection 
Retrying socket connection 
Retrying socket connection 
Retrying socket connection 
Retrying socket connection 
Retrying socket connection 
Retrying socket connection 
Retrying socket connection 
Retrying socket connection 
Retrying socket connection 
Retrying socket connection 
Retrying socket connection 
Retrying socket connection 
Retrying socket connection 
Retrying socket connection 
Retrying socket connection 
Retrying socket connection 
Retrying socket connection 
Retrying socket connection 
Retrying socket connection 
Retrying socket connection 
Retrying socket connection 
Retrying socket connection 
Retrying socket connection 
Retrying socket connection 
Retrying socket connection 
Retrying socket connection 
Retrying socket connection 
Retrying socket connection 
Retrying socket connection 
Retrying socket connection 
Retrying socket connection 
Retrying socket connection 
Retrying socket connection 
Retrying socket connection 
Retrying socket connection 
Retrying socket connection 
Retrying socket connection 
Retrying socket connection 
Retrying socket connection 
Retrying socket connection 
Retrying socket connection 
Retrying socket connection 
Retrying socket connection 
Retrying socket connection 
Retrying socket connection 
Retrying socket connection 
Retrying socket connection 
Retrying socket connection 
Retrying socket connection 
Retrying socket connection 
Retrying socket connection 
Retrying socket connection 
Retrying socket connection 
Retrying socket connection 
Retrying socket connection 
Retrying socket connection 
Retrying socket connection 
Retrying socket connection 
Retrying socket connection 
Retrying socket connection 
Retrying socket connection 
Retrying socket connection 
Retrying socket connection 
Retrying socket connection 
Retrying socket connection 
Retrying socket connection 
Retrying socket connection 
Retrying socket connection 
Retrying socket connection 
Retrying socket connection 
Retrying socket connection 
Retrying socket connection 
Retrying socket connection 
Retrying socket connection 
Retrying socket connection 
Retrying socket connection 
Retrying socket connection 
Retrying socket connection 
Retrying socket connection 
Retrying socket connection 
Retrying socket connection 
Retrying socket connection 
Retrying socket connection 
Retrying socket connection 
Retrying socket connection 
Retrying socket connection 
Retrying socket connection 
Retrying socket connection 
Retrying socket connection 
Retrying socket connection 
Retrying socket connection 
Retrying socket connection 
Retrying socket connection 
Retrying socket connection 
Retrying socket connection 
Retrying socket connection 
Retrying socket connection 
Retrying socket connection 
Retrying socket connection 
Retrying socket connection 
Retrying socket connection 
Retrying socket connection 
Retrying socket connection 
Retrying socket connection 
Retrying socket connection 
Retrying socket connection 
Retrying socket connection 
Retrying socket connection 
Retrying socket connection 
Retrying socket connection 
Retrying socket connection 
Retrying socket connection 
Retrying socket connection 
Retrying socket connection 
Retrying socket connection 
Retrying socket connection 
Retrying socket connection 
Retrying socket connection 
Retrying socket connection 
Retrying socket connection 
Retrying socket connection 
Retrying socket connection 
Retrying socket connection 
Retrying socket connection 
Retrying socket connection 
Retrying socket connection 
Retrying socket connection 
Retrying socket connection 
Retrying socket connection 
Retrying socket connection 
Retrying socket connection 
Retrying socket connection 
Retrying socket connection 
Retrying socket connection 
Retrying socket connection 
Retrying socket connection 
Retrying socket connection 
Retrying socket connection 
Retrying socket connection 
Retrying socket connection 
Retrying socket connection 
Retrying socket connection 
Retrying socket connection 
Retrying socket connection 
Retrying socket connection 
Retrying socket connection 
Retrying socket connection 
Retrying socket connection 
Retrying socket connection 
Retrying socket connection 
Retrying socket connection 
Retrying socket connection 
Retrying socket connection 
Retrying socket connection 
Retrying socket connection 
Retrying socket connection 
Successfully created a socket connection -> 1
Socket connection in progress for 4
Retrying socket connection 
Retrying socket connection 
Retrying socket connection 
Retrying socket connection 
Retrying socket connection 
Retrying socket connection 
Retrying socket connection 
Retrying socket connection 
Retrying socket connection 
Retrying socket connection 
Retrying socket connection 
Retrying socket connection 
Retrying socket connection 
Retrying socket connection 
Retrying socket connection 
Retrying socket connection 
Retrying socket connection 
Retrying socket connection 
Retrying socket connection 
Retrying socket connection 
Retrying socket connection 
Retrying socket connection 
Retrying socket connection 
Retrying socket connection 
Retrying socket connection 
Retrying socket connection 
Retrying socket connection 
Retrying socket connection 
Retrying socket connection 
Retrying socket connection 
Retrying socket connection 
Retrying socket connection 
Retrying socket connection 
Retrying socket connection 
Retrying socket connection 
Retrying socket connection 
Retrying socket connection 
Retrying socket connection 
Retrying socket connection 
Retrying socket connection 
Retrying socket connection 
Retrying socket connection 
Retrying socket connection 
Retrying socket connection 
Retrying socket connection 
Retrying socket connection 
Retrying socket connection 
Retrying socket connection 
Retrying socket connection 
Retrying socket connection 
Retrying socket connection 
Retrying socket connection 
Retrying socket connection 
Retrying socket connection 
Retrying socket connection 
Retrying socket connection 
Retrying socket connection 
Retrying socket connection 
Retrying socket connection 
Retrying socket connection 
Retrying socket connection 
Retrying socket connection 
Retrying socket connection 
Retrying socket connection 
Retrying socket connection 
Retrying socket connection 
Retrying socket connection 
Retrying socket connection 
Retrying socket connection 
Retrying socket connection 
Retrying socket connection 
Retrying socket connection 
Retrying socket connection 
Retrying socket connection 
Retrying socket connection 
Retrying socket connection 
Retrying socket connection 
Retrying socket connection 
Retrying socket connection 
Retrying socket connection 
Retrying socket connection 
Retrying socket connection 
Retrying socket connection 
Retrying socket connection 
Retrying socket connection 
Retrying socket connection 
Retrying socket connection 
Retrying socket connection 
Retrying socket connection 
Retrying socket connection 
Retrying socket connection 
Retrying socket connection 
Retrying socket connection 
Retrying socket connection 
Retrying socket connection 
Retrying socket connection 
Retrying socket connection 
Retrying socket connection 
Retrying socket connection 
Retrying socket connection 
Retrying socket connection 
Retrying socket connection 
Retrying socket connection 
Retrying socket connection 
Retrying socket connection 
Retrying socket connection 
Retrying socket connection 
Retrying socket connection 
Retrying socket connection 
Retrying socket connection 
Retrying socket connection 
Retrying socket connection 
Retrying socket connection 
Retrying socket connection 
Retrying socket connection 
Retrying socket connection 
Retrying socket connection 
Retrying socket connection 
Retrying socket connection 
Retrying socket connection 
Retrying socket connection 
Retrying socket connection 
Retrying socket connection 
Retrying socket connection 
Retrying socket connection 
Retrying socket connection 
Retrying socket connection 
Retrying socket connection 
Retrying socket connection 
Retrying socket connection 
Retrying socket connection 
Retrying socket connection 
Retrying socket connection 
Retrying socket connection 
Retrying socket connection 
Retrying socket connection 
Retrying socket connection 
Retrying socket connection 
Retrying socket connection 
Retrying socket connection 
Retrying socket connection 
Retrying socket connection 
Retrying socket connection 
Retrying socket connection 
Retrying socket connection 
Retrying socket connection 
Retrying socket connection 
Retrying socket connection 
Retrying socket connection 
Retrying socket connection 
Retrying socket connection 
Retrying socket connection 
Retrying socket connection 
Retrying socket connection 
Retrying socket connection 
Retrying socket connection 
Retrying socket connection 
Retrying socket connection 
Retrying socket connection 
Retrying socket connection 
Retrying socket connection 
Retrying socket connection 
Retrying socket connection 
Retrying socket connection 
Retrying socket connection 
Retrying socket connection 
Retrying socket connection 
Retrying socket connection 
Retrying socket connection 
Retrying socket connection 
Retrying socket connection 
Retrying socket connection 
Retrying socket connection 
Retrying socket connection 
Retrying socket connection 
Retrying socket connection 
Retrying socket connection 
Retrying socket connection 
Retrying socket connection 
Retrying socket connection 
Retrying socket connection 
Retrying socket connection 
Retrying socket connection 
Retrying socket connection 
Retrying socket connection 
Retrying socket connection 
Retrying socket connection 
Retrying socket connection 
Retrying socket connection 
Retrying socket connection 
Retrying socket connection 
Retrying socket connection 
Retrying socket connection 
Retrying socket connection 
Retrying socket connection 
Retrying socket connection 
Retrying socket connection 
Retrying socket connection 
Retrying socket connection 
Retrying socket connection 
Retrying socket connection 
Retrying socket connection 
Retrying socket connection 
Retrying socket connection 
Retrying socket connection 
Retrying socket connection 
Retrying socket connection 
Retrying socket connection 
Retrying socket connection 
Retrying socket connection 
Retrying socket connection 
Retrying socket connection 
Retrying socket connection 
Retrying socket connection 
Retrying socket connection 
Retrying socket connection 
Retrying socket connection 
Retrying socket connection 
Retrying socket connection 
Retrying socket connection 
Retrying socket connection 
Retrying socket connection 
Retrying socket connection 
Retrying socket connection 
Retrying socket connection 
Retrying socket connection 
Retrying socket connection 
Retrying socket connection 
Retrying socket connection 
Retrying socket connection 
Retrying socket connection 
Retrying socket connection 
Retrying socket connection 
Retrying socket connection 
Retrying socket connection 
Retrying socket connection 
Retrying socket connection 
Retrying socket connection 
Retrying socket connection 
Retrying socket connection 
Retrying socket connection 
Retrying socket connection 
Retrying socket connection 
Retrying socket connection 
Retrying socket connection 
Retrying socket connection 
Retrying socket connection 
Retrying socket connection 
Retrying socket connection 
Retrying socket connection 
Retrying socket connection 
Retrying socket connection 
Retrying socket connection 
Retrying socket connection 
Retrying socket connection 
Retrying socket connection 
Retrying socket connection 
Retrying socket connection 
Retrying socket connection 
Retrying socket connection 
Retrying socket connection 
Retrying socket connection 
Retrying socket connection 
Retrying socket connection 
Retrying socket connection 
Retrying socket connection 
Retrying socket connection 
Retrying socket connection 
Retrying socket connection 
Retrying socket connection 
Retrying socket connection 
Retrying socket connection 
Retrying socket connection 
Retrying socket connection 
Retrying socket connection 
Retrying socket connection 
Retrying socket connection 
Retrying socket connection 
Retrying socket connection 
Retrying socket connection 
Retrying socket connection 
Retrying socket connection 
Retrying socket connection 
Retrying socket connection 
Retrying socket connection 
Retrying socket connection 
Retrying socket connection 
Retrying socket connection 
Retrying socket connection 
Retrying socket connection 
Retrying socket connection 
Retrying socket connection 
Retrying socket connection 
Retrying socket connection 
Retrying socket connection 
Retrying socket connection 
Retrying socket connection 
Retrying socket connection 
Retrying socket connection 
Retrying socket connection 
Retrying socket connection 
Retrying socket connection 
Retrying socket connection 
Retrying socket connection 
Retrying socket connection 
Retrying socket connection 
Retrying socket connection 
Retrying socket connection 
Retrying socket connection 
Retrying socket connection 
Retrying socket connection 
Retrying socket connection 
Retrying socket connection 
Retrying socket connection 
Retrying socket connection 
Retrying socket connection 
Retrying socket connection 
Retrying socket connection 
Retrying socket connection 
Retrying socket connection 
Retrying socket connection 
Retrying socket connection 
Retrying socket connection 
Retrying socket connection 
Retrying socket connection 
Retrying socket connection 
Retrying socket connection 
Retrying socket connection 
Retrying socket connection 
Retrying socket connection 
Retrying socket connection 
Retrying socket connection 
Retrying socket connection 
Retrying socket connection 
Retrying socket connection 
Retrying socket connection 
Retrying socket connection 
Retrying socket connection 
Retrying socket connection 
Retrying socket connection 
Retrying socket connection 
Retrying socket connection 
Retrying socket connection 
Retrying socket connection 
Retrying socket connection 
Retrying socket connection 
Retrying socket connection 
Retrying socket connection 
Retrying socket connection 
Retrying socket connection 
Retrying socket connection 
Retrying socket connection 
Retrying socket connection 
Retrying socket connection 
Retrying socket connection 
Retrying socket connection 
Retrying socket connection 
Retrying socket connection 
Retrying socket connection 
Retrying socket connection 
Retrying socket connection 
Retrying socket connection 
Retrying socket connection 
Retrying socket connection 
Retrying socket connection 
Retrying socket connection 
Retrying socket connection 
Retrying socket connection 
Retrying socket connection 
Retrying socket connection 
Retrying socket connection 
Retrying socket connection 
Retrying socket connection 
Retrying socket connection 
Retrying socket connection 
Retrying socket connection 
Retrying socket connection 
Retrying socket connection 
Retrying socket connection 
Retrying socket connection 
Retrying socket connection 
Retrying socket connection 
Retrying socket connection 
Retrying socket connection 
Retrying socket connection 
Retrying socket connection 
Retrying socket connection 
Retrying socket connection 
Retrying socket connection 
Retrying socket connection 
Retrying socket connection 
Retrying socket connection 
Retrying socket connection 
Retrying socket connection 
Retrying socket connection 
Retrying socket connection 
Retrying socket connection 
Retrying socket connection 
Retrying socket connection 
Retrying socket connection 
Retrying socket connection 
Retrying socket connection 
Retrying socket connection 
Retrying socket connection 
Retrying socket connection 
Retrying socket connection 
Retrying socket connection 
Retrying socket connection 
Retrying socket connection 
Retrying socket connection 
Retrying socket connection 
Retrying socket connection 
Retrying socket connection 
Retrying socket connection 
Retrying socket connection 
Retrying socket connection 
Retrying socket connection 
Retrying socket connection 
Retrying socket connection 
Retrying socket connection 
Retrying socket connection 
Retrying socket connection 
Retrying socket connection 
Retrying socket connection 
Retrying socket connection 
Retrying socket connection 
Retrying socket connection 
Retrying socket connection 
Retrying socket connection 
Retrying socket connection 
Retrying socket connection 
Retrying socket connection 
Retrying socket connection 
Retrying socket connection 
Retrying socket connection 
Retrying socket connection 
Retrying socket connection 
Retrying socket connection 
Retrying socket connection 
Retrying socket connection 
Retrying socket connection 
Retrying socket connection 
Retrying socket connection 
Retrying socket connection 
Retrying socket connection 
Retrying socket connection 
Retrying socket connection 
Retrying socket connection 
Retrying socket connection 
Retrying socket connection 
Retrying socket connection 
Retrying socket connection 
Retrying socket connection 
Retrying socket connection 
Retrying socket connection 
Retrying socket connection 
Retrying socket connection 
Retrying socket connection 
Retrying socket connection 
Retrying socket connection 
Retrying socket connection 
Retrying socket connection 
Retrying socket connection 
Retrying socket connection 
Retrying socket connection 
Retrying socket connection 
Retrying socket connection 
Retrying socket connection 
Retrying socket connection 
Retrying socket connection 
Retrying socket connection 
Retrying socket connection 
Retrying socket connection 
Retrying socket connection 
Retrying socket connection 
Retrying socket connection 
Retrying socket connection 
Retrying socket connection 
Retrying socket connection 
Retrying socket connection 
Retrying socket connection 
Retrying socket connection 
Retrying socket connection 
Retrying socket connection 
Retrying socket connection 
Retrying socket connection 
Retrying socket connection 
Retrying socket connection 
Retrying socket connection 
Retrying socket connection 
Retrying socket connection 
Retrying socket connection 
Retrying socket connection 
Retrying socket connection 
Retrying socket connection 
Retrying socket connection 
Retrying socket connection 
Retrying socket connection 
Retrying socket connection 
Retrying socket connection 
Retrying socket connection 
Retrying socket connection 
Retrying socket connection 
Retrying socket connection 
Retrying socket connection 
Retrying socket connection 
Retrying socket connection 
Retrying socket connection 
Retrying socket connection 
Retrying socket connection 
Retrying socket connection 
Retrying socket connection 
Retrying socket connection 
Retrying socket connection 
Retrying socket connection 
Retrying socket connection 
Retrying socket connection 
Retrying socket connection 
Retrying socket connection 
Retrying socket connection 
Retrying socket connection 
Retrying socket connection 
Retrying socket connection 
Retrying socket connection 
Retrying socket connection 
Retrying socket connection 
Retrying socket connection 
Retrying socket connection 
Retrying socket connection 
Retrying socket connection 
Retrying socket connection 
Retrying socket connection 
Retrying socket connection 
Retrying socket connection 
Retrying socket connection 
Retrying socket connection 
Retrying socket connection 
Retrying socket connection 
Retrying socket connection 
Retrying socket connection 
Retrying socket connection 
Retrying socket connection 
Retrying socket connection 
Retrying socket connection 
Retrying socket connection 
Successfully created a socket connection -> 4
Received Application message : Id->1 Data -> [0 2 1 0 0] Type -> 1
Merged clock : VectorClock -> [ 1 2 1 0 0 ]
Becoming active !
Initiating snapshot !
2 2 1 0 0
Received Application message : Id->1 Data -> [2 13 6 0 0] Type -> 1
Merged clock : VectorClock -> [ 5 13 6 0 0 ]
Already active ! 
Received process state reply from 4 -> Received payload : [0 0 0 0 0, 2 12 6 9 0, 0 7 7 0 0]
Received process state reply from 1 -> Received payload : [2 11 6 0 0]
_________Snapshot_________
2 2 1 0 0
2 11 6 0 0
0 7 7 0 0
2 12 6 9 0
0 0 0 0 0
_______________
 %%%%%%%%%%% Not Terminated %%%%%%%%%%%
Snapshot process sleeping! 2000
Received Application message : Id->1 Data -> [3 17 6 0 0] Type -> 1
Merged clock : VectorClock -> [ 8 17 6 0 0 ]
Already active ! 
Initiating snapshot !
12 17 6 0 0
Received Application message : Id->4 Data -> [12 25 20 22 8] Type -> 1
Merged clock : VectorClock -> [ 13 25 20 22 8 ]
Becoming active !
Received process state reply from 1 -> Received payload : [12 31 24 24 7]
Received process state reply from 4 -> Received payload : [12 25 20 22 7, 12 25 20 24 7, 11 25 24 20 0]
_________Snapshot_________
12 17 6 0 0
12 31 24 24 7
11 25 24 20 0
12 25 20 24 7
12 25 20 22 7
_______________
 %%%%%%%%%%% Not Terminated %%%%%%%%%%%
Received Application message : Id->4 Data -> [14 25 20 25 13] Type -> 1
Merged clock : VectorClock -> [ 16 25 20 25 13 ]
Already active ! 
Snapshot process sleeping! 2000
Received Application message : Id->4 Data -> [18 25 20 34 20] Type -> 1
Merged clock : VectorClock -> [ 21 25 20 34 20 ]
Maximum send limit reached, can not become active
Received Application message : Id->4 Data -> [18 25 20 34 21] Type -> 1
Merged clock : VectorClock -> [ 22 25 20 34 21 ]
Maximum send limit reached, can not become active
Received Application message : Id->4 Data -> [18 25 20 34 22] Type -> 1
Merged clock : VectorClock -> [ 23 25 20 34 22 ]
Maximum send limit reached, can not become active
Received Application message : Id->4 Data -> [18 25 20 34 23] Type -> 1
Merged clock : VectorClock -> [ 24 25 20 34 23 ]
Maximum send limit reached, can not become active
Initiating snapshot !
24 25 20 34 23
Received process state reply from 4 -> Received payload : [18 25 20 34 24, 18 25 20 36 24, 14 25 26 31 12]
Received process state reply from 1 -> Received payload : [20 36 24 28 13]
_________Snapshot_________
24 25 20 34 23
20 36 24 28 13
14 25 26 31 12
18 25 20 36 24
18 25 20 34 24
_______________
%%%%%%%%%%% System Terminated %%%%%%%%%%% 
Sending the finish messages !